CRITICAL - 2023-08-16 04:11:39 --> Attempt to read property "nim" on string
in APPPATH\Views\mahasiswa\home.php on line 28.
 1 APPPATH\Views\mahasiswa\home.php(28): CodeIgniter\Debug\Exceptions->errorHandler(2, 'Attempt to read property "nim" on string', 'C:\\xampp\\htdocs\\ivan-masyudi\\app\\Views\\mahasiswa\\home.php', 28)
 2 SYSTEMPATH\View\View.php(224): include('C:\\xampp\\htdocs\\ivan-masyudi\\app\\Views\\mahasiswa\\home.php')
 3 SYSTEMPATH\View\View.php(227): CodeIgniter\View\View->CodeIgniter\View\{closure}()
 4 SYSTEMPATH\Common.php(1176): CodeIgniter\View\View->render('mahasiswa/home', [], true)
 5 APPPATH\Controllers\Home.php(23): view('mahasiswa/home', [...])
 6 SYSTEMPATH\CodeIgniter.php(932): App\Controllers\Home->index()
 7 SYSTEMPATH\CodeIgniter.php(497): CodeIgniter\CodeIgniter->runController(Object(App\Controllers\Home))
 8 SYSTEMPATH\CodeIgniter.php(366): CodeIgniter\CodeIgniter->handleRequest(null, Object(Config\Cache), false)
 9 FCPATH\index.php(67): CodeIgniter\CodeIgniter->run()
10 SYSTEMPATH\Commands\Server\rewrite.php(47): require_once('C:\\xampp\\htdocs\\ivan-masyudi\\public\\index.php')
CRITICAL - 2023-08-16 04:12:26 --> syntax error, unexpected token "}"
in APPPATH\Controllers\Home.php on line 25.
 1 SYSTEMPATH\Autoloader\Autoloader.php(291): CodeIgniter\Autoloader\Autoloader->includeFile('C:\\xampp\\htdocs\\ivan-masyudi\\app\\Controllers\\Home.php')
 2 SYSTEMPATH\Autoloader\Autoloader.php(269): CodeIgniter\Autoloader\Autoloader->loadInNamespace('App\\Controllers\\Home')
 3 [internal function]: CodeIgniter\Autoloader\Autoloader->loadClass('App\\Controllers\\Home')
 4 SYSTEMPATH\CodeIgniter.php(890): class_exists('\\App\\Controllers\\Home', true)
 5 SYSTEMPATH\CodeIgniter.php(484): CodeIgniter\CodeIgniter->startController()
 6 SYSTEMPATH\CodeIgniter.php(366): CodeIgniter\CodeIgniter->handleRequest(null, Object(Config\Cache), false)
 7 FCPATH\index.php(67): CodeIgniter\CodeIgniter->run()
 8 SYSTEMPATH\Commands\Server\rewrite.php(47): require_once('C:\\xampp\\htdocs\\ivan-masyudi\\public\\index.php')
CRITICAL - 2023-08-16 04:13:52 --> Attempt to read property "nama_mhs" on string
in APPPATH\Views\mahasiswa\home.php on line 29.
 1 APPPATH\Views\mahasiswa\home.php(29): CodeIgniter\Debug\Exceptions->errorHandler(2, 'Attempt to read property "nama_mhs" on string', 'C:\\xampp\\htdocs\\ivan-masyudi\\app\\Views\\mahasiswa\\home.php', 29)
 2 SYSTEMPATH\View\View.php(224): include('C:\\xampp\\htdocs\\ivan-masyudi\\app\\Views\\mahasiswa\\home.php')
 3 SYSTEMPATH\View\View.php(227): CodeIgniter\View\View->CodeIgniter\View\{closure}()
 4 SYSTEMPATH\Common.php(1176): CodeIgniter\View\View->render('mahasiswa/home', [], true)
 5 APPPATH\Controllers\Home.php(23): view('mahasiswa/home', [...])
 6 SYSTEMPATH\CodeIgniter.php(932): App\Controllers\Home->index()
 7 SYSTEMPATH\CodeIgniter.php(497): CodeIgniter\CodeIgniter->runController(Object(App\Controllers\Home))
 8 SYSTEMPATH\CodeIgniter.php(366): CodeIgniter\CodeIgniter->handleRequest(null, Object(Config\Cache), false)
 9 FCPATH\index.php(67): CodeIgniter\CodeIgniter->run()
10 SYSTEMPATH\Commands\Server\rewrite.php(47): require_once('C:\\xampp\\htdocs\\ivan-masyudi\\public\\index.php')
CRITICAL - 2023-08-16 04:41:19 --> Undefined variable $datamh
in APPPATH\Views\mahasiswa\matkul.php on line 17.
 1 APPPATH\Views\mahasiswa\matkul.php(17): CodeIgniter\Debug\Exceptions->errorHandler(2, 'Undefined variable $datamh', 'C:\\xampp\\htdocs\\ivan-masyudi\\app\\Views\\mahasiswa\\matkul.php', 17)
 2 SYSTEMPATH\View\View.php(224): include('C:\\xampp\\htdocs\\ivan-masyudi\\app\\Views\\mahasiswa\\matkul.php')
 3 SYSTEMPATH\View\View.php(227): CodeIgniter\View\View->CodeIgniter\View\{closure}()
 4 SYSTEMPATH\Common.php(1176): CodeIgniter\View\View->render('mahasiswa/matkul', [], true)
 5 APPPATH\Controllers\Home.php(42): view('mahasiswa/matkul', [...])
 6 SYSTEMPATH\CodeIgniter.php(932): App\Controllers\Home->showmatkul('22039090')
 7 SYSTEMPATH\CodeIgniter.php(497): CodeIgniter\CodeIgniter->runController(Object(App\Controllers\Home))
 8 SYSTEMPATH\CodeIgniter.php(366): CodeIgniter\CodeIgniter->handleRequest(null, Object(Config\Cache), false)
 9 FCPATH\index.php(67): CodeIgniter\CodeIgniter->run()
10 SYSTEMPATH\Commands\Server\rewrite.php(47): require_once('C:\\xampp\\htdocs\\ivan-masyudi\\public\\index.php')
CRITICAL - 2023-08-16 04:41:40 --> Attempt to read property "nim" on array
in APPPATH\Views\mahasiswa\matkul.php on line 17.
 1 APPPATH\Views\mahasiswa\matkul.php(17): CodeIgniter\Debug\Exceptions->errorHandler(2, 'Attempt to read property "nim" on array', 'C:\\xampp\\htdocs\\ivan-masyudi\\app\\Views\\mahasiswa\\matkul.php', 17)
 2 SYSTEMPATH\View\View.php(224): include('C:\\xampp\\htdocs\\ivan-masyudi\\app\\Views\\mahasiswa\\matkul.php')
 3 SYSTEMPATH\View\View.php(227): CodeIgniter\View\View->CodeIgniter\View\{closure}()
 4 SYSTEMPATH\Common.php(1176): CodeIgniter\View\View->render('mahasiswa/matkul', [], true)
 5 APPPATH\Controllers\Home.php(42): view('mahasiswa/matkul', [...])
 6 SYSTEMPATH\CodeIgniter.php(932): App\Controllers\Home->showmatkul('22039090')
 7 SYSTEMPATH\CodeIgniter.php(497): CodeIgniter\CodeIgniter->runController(Object(App\Controllers\Home))
 8 SYSTEMPATH\CodeIgniter.php(366): CodeIgniter\CodeIgniter->handleRequest(null, Object(Config\Cache), false)
 9 FCPATH\index.php(67): CodeIgniter\CodeIgniter->run()
10 SYSTEMPATH\Commands\Server\rewrite.php(47): require_once('C:\\xampp\\htdocs\\ivan-masyudi\\public\\index.php')
CRITICAL - 2023-08-16 04:41:41 --> Attempt to read property "nim" on array
in APPPATH\Views\mahasiswa\matkul.php on line 17.
 1 APPPATH\Views\mahasiswa\matkul.php(17): CodeIgniter\Debug\Exceptions->errorHandler(2, 'Attempt to read property "nim" on array', 'C:\\xampp\\htdocs\\ivan-masyudi\\app\\Views\\mahasiswa\\matkul.php', 17)
 2 SYSTEMPATH\View\View.php(224): include('C:\\xampp\\htdocs\\ivan-masyudi\\app\\Views\\mahasiswa\\matkul.php')
 3 SYSTEMPATH\View\View.php(227): CodeIgniter\View\View->CodeIgniter\View\{closure}()
 4 SYSTEMPATH\Common.php(1176): CodeIgniter\View\View->render('mahasiswa/matkul', [], true)
 5 APPPATH\Controllers\Home.php(42): view('mahasiswa/matkul', [...])
 6 SYSTEMPATH\CodeIgniter.php(932): App\Controllers\Home->showmatkul('22039090')
 7 SYSTEMPATH\CodeIgniter.php(497): CodeIgniter\CodeIgniter->runController(Object(App\Controllers\Home))
 8 SYSTEMPATH\CodeIgniter.php(366): CodeIgniter\CodeIgniter->handleRequest(null, Object(Config\Cache), false)
 9 FCPATH\index.php(67): CodeIgniter\CodeIgniter->run()
10 SYSTEMPATH\Commands\Server\rewrite.php(47): require_once('C:\\xampp\\htdocs\\ivan-masyudi\\public\\index.php')
CRITICAL - 2023-08-16 04:41:58 --> Attempt to read property "nim" on array
in APPPATH\Views\mahasiswa\matkul.php on line 17.
 1 APPPATH\Views\mahasiswa\matkul.php(17): CodeIgniter\Debug\Exceptions->errorHandler(2, 'Attempt to read property "nim" on array', 'C:\\xampp\\htdocs\\ivan-masyudi\\app\\Views\\mahasiswa\\matkul.php', 17)
 2 SYSTEMPATH\View\View.php(224): include('C:\\xampp\\htdocs\\ivan-masyudi\\app\\Views\\mahasiswa\\matkul.php')
 3 SYSTEMPATH\View\View.php(227): CodeIgniter\View\View->CodeIgniter\View\{closure}()
 4 SYSTEMPATH\Common.php(1176): CodeIgniter\View\View->render('mahasiswa/matkul', [], true)
 5 APPPATH\Controllers\Home.php(42): view('mahasiswa/matkul', [...])
 6 SYSTEMPATH\CodeIgniter.php(932): App\Controllers\Home->showmatkul('22039090')
 7 SYSTEMPATH\CodeIgniter.php(497): CodeIgniter\CodeIgniter->runController(Object(App\Controllers\Home))
 8 SYSTEMPATH\CodeIgniter.php(366): CodeIgniter\CodeIgniter->handleRequest(null, Object(Config\Cache), false)
 9 FCPATH\index.php(67): CodeIgniter\CodeIgniter->run()
10 SYSTEMPATH\Commands\Server\rewrite.php(47): require_once('C:\\xampp\\htdocs\\ivan-masyudi\\public\\index.php')
CRITICAL - 2023-08-16 04:41:59 --> Attempt to read property "nim" on array
in APPPATH\Views\mahasiswa\matkul.php on line 17.
 1 APPPATH\Views\mahasiswa\matkul.php(17): CodeIgniter\Debug\Exceptions->errorHandler(2, 'Attempt to read property "nim" on array', 'C:\\xampp\\htdocs\\ivan-masyudi\\app\\Views\\mahasiswa\\matkul.php', 17)
 2 SYSTEMPATH\View\View.php(224): include('C:\\xampp\\htdocs\\ivan-masyudi\\app\\Views\\mahasiswa\\matkul.php')
 3 SYSTEMPATH\View\View.php(227): CodeIgniter\View\View->CodeIgniter\View\{closure}()
 4 SYSTEMPATH\Common.php(1176): CodeIgniter\View\View->render('mahasiswa/matkul', [], true)
 5 APPPATH\Controllers\Home.php(42): view('mahasiswa/matkul', [...])
 6 SYSTEMPATH\CodeIgniter.php(932): App\Controllers\Home->showmatkul('22039090')
 7 SYSTEMPATH\CodeIgniter.php(497): CodeIgniter\CodeIgniter->runController(Object(App\Controllers\Home))
 8 SYSTEMPATH\CodeIgniter.php(366): CodeIgniter\CodeIgniter->handleRequest(null, Object(Config\Cache), false)
 9 FCPATH\index.php(67): CodeIgniter\CodeIgniter->run()
10 SYSTEMPATH\Commands\Server\rewrite.php(47): require_once('C:\\xampp\\htdocs\\ivan-masyudi\\public\\index.php')
CRITICAL - 2023-08-16 04:41:59 --> Attempt to read property "nim" on array
in APPPATH\Views\mahasiswa\matkul.php on line 17.
 1 APPPATH\Views\mahasiswa\matkul.php(17): CodeIgniter\Debug\Exceptions->errorHandler(2, 'Attempt to read property "nim" on array', 'C:\\xampp\\htdocs\\ivan-masyudi\\app\\Views\\mahasiswa\\matkul.php', 17)
 2 SYSTEMPATH\View\View.php(224): include('C:\\xampp\\htdocs\\ivan-masyudi\\app\\Views\\mahasiswa\\matkul.php')
 3 SYSTEMPATH\View\View.php(227): CodeIgniter\View\View->CodeIgniter\View\{closure}()
 4 SYSTEMPATH\Common.php(1176): CodeIgniter\View\View->render('mahasiswa/matkul', [], true)
 5 APPPATH\Controllers\Home.php(42): view('mahasiswa/matkul', [...])
 6 SYSTEMPATH\CodeIgniter.php(932): App\Controllers\Home->showmatkul('22039090')
 7 SYSTEMPATH\CodeIgniter.php(497): CodeIgniter\CodeIgniter->runController(Object(App\Controllers\Home))
 8 SYSTEMPATH\CodeIgniter.php(366): CodeIgniter\CodeIgniter->handleRequest(null, Object(Config\Cache), false)
 9 FCPATH\index.php(67): CodeIgniter\CodeIgniter->run()
10 SYSTEMPATH\Commands\Server\rewrite.php(47): require_once('C:\\xampp\\htdocs\\ivan-masyudi\\public\\index.php')
CRITICAL - 2023-08-16 04:43:47 --> Undefined array key "nim"
in APPPATH\Views\mahasiswa\matkul.php on line 17.
 1 APPPATH\Views\mahasiswa\matkul.php(17): CodeIgniter\Debug\Exceptions->errorHandler(2, 'Undefined array key "nim"', 'C:\\xampp\\htdocs\\ivan-masyudi\\app\\Views\\mahasiswa\\matkul.php', 17)
 2 SYSTEMPATH\View\View.php(224): include('C:\\xampp\\htdocs\\ivan-masyudi\\app\\Views\\mahasiswa\\matkul.php')
 3 SYSTEMPATH\View\View.php(227): CodeIgniter\View\View->CodeIgniter\View\{closure}()
 4 SYSTEMPATH\Common.php(1176): CodeIgniter\View\View->render('mahasiswa/matkul', [], true)
 5 APPPATH\Controllers\Home.php(43): view('mahasiswa/matkul', [...])
 6 SYSTEMPATH\CodeIgniter.php(932): App\Controllers\Home->showmatkul('22039090')
 7 SYSTEMPATH\CodeIgniter.php(497): CodeIgniter\CodeIgniter->runController(Object(App\Controllers\Home))
 8 SYSTEMPATH\CodeIgniter.php(366): CodeIgniter\CodeIgniter->handleRequest(null, Object(Config\Cache), false)
 9 FCPATH\index.php(67): CodeIgniter\CodeIgniter->run()
10 SYSTEMPATH\Commands\Server\rewrite.php(47): require_once('C:\\xampp\\htdocs\\ivan-masyudi\\public\\index.php')
CRITICAL - 2023-08-16 04:44:20 --> Cannot use object of type stdClass as array
in APPPATH\Views\mahasiswa\matkul.php on line 17.
 1 SYSTEMPATH\View\View.php(224): include()
 2 SYSTEMPATH\View\View.php(227): CodeIgniter\View\View->CodeIgniter\View\{closure}()
 3 SYSTEMPATH\Common.php(1176): CodeIgniter\View\View->render('mahasiswa/matkul', [], true)
 4 APPPATH\Controllers\Home.php(43): view('mahasiswa/matkul', [...])
 5 SYSTEMPATH\CodeIgniter.php(932): App\Controllers\Home->showmatkul('22039090')
 6 SYSTEMPATH\CodeIgniter.php(497): CodeIgniter\CodeIgniter->runController(Object(App\Controllers\Home))
 7 SYSTEMPATH\CodeIgniter.php(366): CodeIgniter\CodeIgniter->handleRequest(null, Object(Config\Cache), false)
 8 FCPATH\index.php(67): CodeIgniter\CodeIgniter->run()
 9 SYSTEMPATH\Commands\Server\rewrite.php(47): require_once('C:\\xampp\\htdocs\\ivan-masyudi\\public\\index.php')
CRITICAL - 2023-08-16 04:44:38 --> Undefined variable $datanhs
in APPPATH\Views\mahasiswa\matkul.php on line 21.
 1 APPPATH\Views\mahasiswa\matkul.php(21): CodeIgniter\Debug\Exceptions->errorHandler(2, 'Undefined variable $datanhs', 'C:\\xampp\\htdocs\\ivan-masyudi\\app\\Views\\mahasiswa\\matkul.php', 21)
 2 SYSTEMPATH\View\View.php(224): include('C:\\xampp\\htdocs\\ivan-masyudi\\app\\Views\\mahasiswa\\matkul.php')
 3 SYSTEMPATH\View\View.php(227): CodeIgniter\View\View->CodeIgniter\View\{closure}()
 4 SYSTEMPATH\Common.php(1176): CodeIgniter\View\View->render('mahasiswa/matkul', [], true)
 5 APPPATH\Controllers\Home.php(43): view('mahasiswa/matkul', [...])
 6 SYSTEMPATH\CodeIgniter.php(932): App\Controllers\Home->showmatkul('22039090')
 7 SYSTEMPATH\CodeIgniter.php(497): CodeIgniter\CodeIgniter->runController(Object(App\Controllers\Home))
 8 SYSTEMPATH\CodeIgniter.php(366): CodeIgniter\CodeIgniter->handleRequest(null, Object(Config\Cache), false)
 9 FCPATH\index.php(67): CodeIgniter\CodeIgniter->run()
10 SYSTEMPATH\Commands\Server\rewrite.php(47): require_once('C:\\xampp\\htdocs\\ivan-masyudi\\public\\index.php')
ERROR - 2023-08-16 05:02:30 --> mysqli_sql_exception: Table 'akademik.matkul' doesn't exist in C:\xampp\htdocs\ivan-masyudi\system\Database\MySQLi\Connection.php:295
Stack trace:
#0 C:\xampp\htdocs\ivan-masyudi\system\Database\MySQLi\Connection.php(295): mysqli->query('SELECT `jadwal`...', 0)
#1 C:\xampp\htdocs\ivan-masyudi\system\Database\BaseConnection.php(692): CodeIgniter\Database\MySQLi\Connection->execute('SELECT `jadwal`...')
#2 C:\xampp\htdocs\ivan-masyudi\system\Database\BaseConnection.php(606): CodeIgniter\Database\BaseConnection->simpleQuery('SELECT `jadwal`...')
#3 C:\xampp\htdocs\ivan-masyudi\system\Database\BaseBuilder.php(1616): CodeIgniter\Database\BaseConnection->query('SELECT `jadwal`...', Array, false)
#4 C:\xampp\htdocs\ivan-masyudi\app\Models\Jadwal.php(21): CodeIgniter\Database\BaseBuilder->get()
#5 C:\xampp\htdocs\ivan-masyudi\app\Controllers\Home.php(40): App\Models\Jadwal->getJadwalMhs('22039090')
#6 C:\xampp\htdocs\ivan-masyudi\system\CodeIgniter.php(932): App\Controllers\Home->showmatkul('22039090')
#7 C:\xampp\htdocs\ivan-masyudi\system\CodeIgniter.php(497): CodeIgniter\CodeIgniter->runController(Object(App\Controllers\Home))
#8 C:\xampp\htdocs\ivan-masyudi\system\CodeIgniter.php(366): CodeIgniter\CodeIgniter->handleRequest(NULL, Object(Config\Cache), false)
#9 C:\xampp\htdocs\ivan-masyudi\public\index.php(67): CodeIgniter\CodeIgniter->run()
#10 C:\xampp\htdocs\ivan-masyudi\system\Commands\Server\rewrite.php(47): require_once('C:\\xampp\\htdocs...')
#11 {main}
CRITICAL - 2023-08-16 05:02:30 --> Table 'akademik.matkul' doesn't exist
in SYSTEMPATH\Database\MySQLi\Connection.php on line 295.
 1 SYSTEMPATH\Database\MySQLi\Connection.php(295): mysqli->query('SELECT `jadwal`.*, `matkul`.*, `dosen`.`nama_dosen`, `mahasiswa`.`nim`
FROM `jadwal`
JOIN `mahasiswa` ON `mahasiswa`.`nim` = `jadwal`.`nim`
JOIN `dosen` ON `dosen`.`id_dosen` = `jadwal`.`id_dosen`
JOIN `matkul` ON `matkul`.`id_matkul` = `jadwal`.`id_matkul`
WHERE `jadwal`.`nim` = \'22039090\'', 0)
 2 SYSTEMPATH\Database\BaseConnection.php(692): CodeIgniter\Database\MySQLi\Connection->execute('SELECT `jadwal`.*, `matkul`.*, `dosen`.`nama_dosen`, `mahasiswa`.`nim`
FROM `jadwal`
JOIN `mahasiswa` ON `mahasiswa`.`nim` = `jadwal`.`nim`
JOIN `dosen` ON `dosen`.`id_dosen` = `jadwal`.`id_dosen`
JOIN `matkul` ON `matkul`.`id_matkul` = `jadwal`.`id_matkul`
WHERE `jadwal`.`nim` = \'22039090\'')
 3 SYSTEMPATH\Database\BaseConnection.php(606): CodeIgniter\Database\BaseConnection->simpleQuery('SELECT `jadwal`.*, `matkul`.*, `dosen`.`nama_dosen`, `mahasiswa`.`nim`
FROM `jadwal`
JOIN `mahasiswa` ON `mahasiswa`.`nim` = `jadwal`.`nim`
JOIN `dosen` ON `dosen`.`id_dosen` = `jadwal`.`id_dosen`
JOIN `matkul` ON `matkul`.`id_matkul` = `jadwal`.`id_matkul`
WHERE `jadwal`.`nim` = \'22039090\'')
 4 SYSTEMPATH\Database\BaseBuilder.php(1616): CodeIgniter\Database\BaseConnection->query('SELECT `jadwal`.*, `matkul`.*, `dosen`.`nama_dosen`, `mahasiswa`.`nim`
FROM `jadwal`
JOIN `mahasiswa` ON `mahasiswa`.`nim` = `jadwal`.`nim`
JOIN `dosen` ON `dosen`.`id_dosen` = `jadwal`.`id_dosen`
JOIN `matkul` ON `matkul`.`id_matkul` = `jadwal`.`id_matkul`
WHERE `jadwal`.`nim` = :jadwal.nim:', [...], false)
 5 APPPATH\Models\Jadwal.php(21): CodeIgniter\Database\BaseBuilder->get()
 6 APPPATH\Controllers\Home.php(40): App\Models\Jadwal->getJadwalMhs('22039090')
 7 SYSTEMPATH\CodeIgniter.php(932): App\Controllers\Home->showmatkul('22039090')
 8 SYSTEMPATH\CodeIgniter.php(497): CodeIgniter\CodeIgniter->runController(Object(App\Controllers\Home))
 9 SYSTEMPATH\CodeIgniter.php(366): CodeIgniter\CodeIgniter->handleRequest(null, Object(Config\Cache), false)
10 FCPATH\index.php(67): CodeIgniter\CodeIgniter->run()
11 SYSTEMPATH\Commands\Server\rewrite.php(47): require_once('C:\\xampp\\htdocs\\ivan-masyudi\\public\\index.php')
ERROR - 2023-08-16 05:02:55 --> mysqli_sql_exception: Unknown table 'akademik.matkul' in C:\xampp\htdocs\ivan-masyudi\system\Database\MySQLi\Connection.php:295
Stack trace:
#0 C:\xampp\htdocs\ivan-masyudi\system\Database\MySQLi\Connection.php(295): mysqli->query('SELECT `jadwal`...', 0)
#1 C:\xampp\htdocs\ivan-masyudi\system\Database\BaseConnection.php(692): CodeIgniter\Database\MySQLi\Connection->execute('SELECT `jadwal`...')
#2 C:\xampp\htdocs\ivan-masyudi\system\Database\BaseConnection.php(606): CodeIgniter\Database\BaseConnection->simpleQuery('SELECT `jadwal`...')
#3 C:\xampp\htdocs\ivan-masyudi\system\Database\BaseBuilder.php(1616): CodeIgniter\Database\BaseConnection->query('SELECT `jadwal`...', Array, false)
#4 C:\xampp\htdocs\ivan-masyudi\app\Models\Jadwal.php(21): CodeIgniter\Database\BaseBuilder->get()
#5 C:\xampp\htdocs\ivan-masyudi\app\Controllers\Home.php(40): App\Models\Jadwal->getJadwalMhs('22039090')
#6 C:\xampp\htdocs\ivan-masyudi\system\CodeIgniter.php(932): App\Controllers\Home->showmatkul('22039090')
#7 C:\xampp\htdocs\ivan-masyudi\system\CodeIgniter.php(497): CodeIgniter\CodeIgniter->runController(Object(App\Controllers\Home))
#8 C:\xampp\htdocs\ivan-masyudi\system\CodeIgniter.php(366): CodeIgniter\CodeIgniter->handleRequest(NULL, Object(Config\Cache), false)
#9 C:\xampp\htdocs\ivan-masyudi\public\index.php(67): CodeIgniter\CodeIgniter->run()
#10 C:\xampp\htdocs\ivan-masyudi\system\Commands\Server\rewrite.php(47): require_once('C:\\xampp\\htdocs...')
#11 {main}
CRITICAL - 2023-08-16 05:02:55 --> Unknown table 'akademik.matkul'
in SYSTEMPATH\Database\MySQLi\Connection.php on line 295.
 1 SYSTEMPATH\Database\MySQLi\Connection.php(295): mysqli->query('SELECT `jadwal`.*, `matkul`.*, `dosen`.`nama_dosen`, `mahasiswa`.`nim`
FROM `jadwal`
JOIN `mahasiswa` ON `mahasiswa`.`nim` = `jadwal`.`nim`
JOIN `dosen` ON `dosen`.`id_dosen` = `jadwal`.`id_dosen`
JOIN `matakuliah` ON `matakuliah`.`id_matkul` = `jadwal`.`id_matkul`
WHERE `jadwal`.`nim` = \'22039090\'', 0)
 2 SYSTEMPATH\Database\BaseConnection.php(692): CodeIgniter\Database\MySQLi\Connection->execute('SELECT `jadwal`.*, `matkul`.*, `dosen`.`nama_dosen`, `mahasiswa`.`nim`
FROM `jadwal`
JOIN `mahasiswa` ON `mahasiswa`.`nim` = `jadwal`.`nim`
JOIN `dosen` ON `dosen`.`id_dosen` = `jadwal`.`id_dosen`
JOIN `matakuliah` ON `matakuliah`.`id_matkul` = `jadwal`.`id_matkul`
WHERE `jadwal`.`nim` = \'22039090\'')
 3 SYSTEMPATH\Database\BaseConnection.php(606): CodeIgniter\Database\BaseConnection->simpleQuery('SELECT `jadwal`.*, `matkul`.*, `dosen`.`nama_dosen`, `mahasiswa`.`nim`
FROM `jadwal`
JOIN `mahasiswa` ON `mahasiswa`.`nim` = `jadwal`.`nim`
JOIN `dosen` ON `dosen`.`id_dosen` = `jadwal`.`id_dosen`
JOIN `matakuliah` ON `matakuliah`.`id_matkul` = `jadwal`.`id_matkul`
WHERE `jadwal`.`nim` = \'22039090\'')
 4 SYSTEMPATH\Database\BaseBuilder.php(1616): CodeIgniter\Database\BaseConnection->query('SELECT `jadwal`.*, `matkul`.*, `dosen`.`nama_dosen`, `mahasiswa`.`nim`
FROM `jadwal`
JOIN `mahasiswa` ON `mahasiswa`.`nim` = `jadwal`.`nim`
JOIN `dosen` ON `dosen`.`id_dosen` = `jadwal`.`id_dosen`
JOIN `matakuliah` ON `matakuliah`.`id_matkul` = `jadwal`.`id_matkul`
WHERE `jadwal`.`nim` = :jadwal.nim:', [...], false)
 5 APPPATH\Models\Jadwal.php(21): CodeIgniter\Database\BaseBuilder->get()
 6 APPPATH\Controllers\Home.php(40): App\Models\Jadwal->getJadwalMhs('22039090')
 7 SYSTEMPATH\CodeIgniter.php(932): App\Controllers\Home->showmatkul('22039090')
 8 SYSTEMPATH\CodeIgniter.php(497): CodeIgniter\CodeIgniter->runController(Object(App\Controllers\Home))
 9 SYSTEMPATH\CodeIgniter.php(366): CodeIgniter\CodeIgniter->handleRequest(null, Object(Config\Cache), false)
10 FCPATH\index.php(67): CodeIgniter\CodeIgniter->run()
11 SYSTEMPATH\Commands\Server\rewrite.php(47): require_once('C:\\xampp\\htdocs\\ivan-masyudi\\public\\index.php')
CRITICAL - 2023-08-16 05:07:16 --> Attempt to read property "id_matkul" on string
in APPPATH\Views\mahasiswa\matkul.php on line 41.
 1 APPPATH\Views\mahasiswa\matkul.php(41): CodeIgniter\Debug\Exceptions->errorHandler(2, 'Attempt to read property "id_matkul" on string', 'C:\\xampp\\htdocs\\ivan-masyudi\\app\\Views\\mahasiswa\\matkul.php', 41)
 2 SYSTEMPATH\View\View.php(224): include('C:\\xampp\\htdocs\\ivan-masyudi\\app\\Views\\mahasiswa\\matkul.php')
 3 SYSTEMPATH\View\View.php(227): CodeIgniter\View\View->CodeIgniter\View\{closure}()
 4 SYSTEMPATH\Common.php(1176): CodeIgniter\View\View->render('mahasiswa/matkul', [], true)
 5 APPPATH\Controllers\Home.php(48): view('mahasiswa/matkul', [...])
 6 SYSTEMPATH\CodeIgniter.php(932): App\Controllers\Home->showmatkul('22039090')
 7 SYSTEMPATH\CodeIgniter.php(497): CodeIgniter\CodeIgniter->runController(Object(App\Controllers\Home))
 8 SYSTEMPATH\CodeIgniter.php(366): CodeIgniter\CodeIgniter->handleRequest(null, Object(Config\Cache), false)
 9 FCPATH\index.php(67): CodeIgniter\CodeIgniter->run()
10 SYSTEMPATH\Commands\Server\rewrite.php(47): require_once('C:\\xampp\\htdocs\\ivan-masyudi\\public\\index.php')
CRITICAL - 2023-08-16 05:08:16 --> Undefined property: stdClass::$jumlah_sks
in APPPATH\Views\mahasiswa\matkul.php on line 43.
 1 APPPATH\Views\mahasiswa\matkul.php(43): CodeIgniter\Debug\Exceptions->errorHandler(2, 'Undefined property: stdClass::$jumlah_sks', 'C:\\xampp\\htdocs\\ivan-masyudi\\app\\Views\\mahasiswa\\matkul.php', 43)
 2 SYSTEMPATH\View\View.php(224): include('C:\\xampp\\htdocs\\ivan-masyudi\\app\\Views\\mahasiswa\\matkul.php')
 3 SYSTEMPATH\View\View.php(227): CodeIgniter\View\View->CodeIgniter\View\{closure}()
 4 SYSTEMPATH\Common.php(1176): CodeIgniter\View\View->render('mahasiswa/matkul', [], true)
 5 APPPATH\Controllers\Home.php(48): view('mahasiswa/matkul', [...])
 6 SYSTEMPATH\CodeIgniter.php(932): App\Controllers\Home->showmatkul('22039090')
 7 SYSTEMPATH\CodeIgniter.php(497): CodeIgniter\CodeIgniter->runController(Object(App\Controllers\Home))
 8 SYSTEMPATH\CodeIgniter.php(366): CodeIgniter\CodeIgniter->handleRequest(null, Object(Config\Cache), false)
 9 FCPATH\index.php(67): CodeIgniter\CodeIgniter->run()
10 SYSTEMPATH\Commands\Server\rewrite.php(47): require_once('C:\\xampp\\htdocs\\ivan-masyudi\\public\\index.php')
CRITICAL - 2023-08-16 05:08:37 --> Undefined property: stdClass::$dosen_pengajar
in APPPATH\Views\mahasiswa\matkul.php on line 44.
 1 APPPATH\Views\mahasiswa\matkul.php(44): CodeIgniter\Debug\Exceptions->errorHandler(2, 'Undefined property: stdClass::$dosen_pengajar', 'C:\\xampp\\htdocs\\ivan-masyudi\\app\\Views\\mahasiswa\\matkul.php', 44)
 2 SYSTEMPATH\View\View.php(224): include('C:\\xampp\\htdocs\\ivan-masyudi\\app\\Views\\mahasiswa\\matkul.php')
 3 SYSTEMPATH\View\View.php(227): CodeIgniter\View\View->CodeIgniter\View\{closure}()
 4 SYSTEMPATH\Common.php(1176): CodeIgniter\View\View->render('mahasiswa/matkul', [], true)
 5 APPPATH\Controllers\Home.php(48): view('mahasiswa/matkul', [...])
 6 SYSTEMPATH\CodeIgniter.php(932): App\Controllers\Home->showmatkul('22039090')
 7 SYSTEMPATH\CodeIgniter.php(497): CodeIgniter\CodeIgniter->runController(Object(App\Controllers\Home))
 8 SYSTEMPATH\CodeIgniter.php(366): CodeIgniter\CodeIgniter->handleRequest(null, Object(Config\Cache), false)
 9 FCPATH\index.php(67): CodeIgniter\CodeIgniter->run()
10 SYSTEMPATH\Commands\Server\rewrite.php(47): require_once('C:\\xampp\\htdocs\\ivan-masyudi\\public\\index.php')
CRITICAL - 2023-08-16 05:31:42 --> Undefined variable $datamh
in APPPATH\Views\mahasiswa\edit_mahasiswa.php on line 18.
 1 APPPATH\Views\mahasiswa\edit_mahasiswa.php(18): CodeIgniter\Debug\Exceptions->errorHandler(2, 'Undefined variable $datamh', 'C:\\xampp\\htdocs\\ivan-masyudi\\app\\Views\\mahasiswa\\edit_mahasiswa.php', 18)
 2 SYSTEMPATH\View\View.php(224): include('C:\\xampp\\htdocs\\ivan-masyudi\\app\\Views\\mahasiswa\\edit_mahasiswa.php')
 3 SYSTEMPATH\View\View.php(227): CodeIgniter\View\View->CodeIgniter\View\{closure}()
 4 SYSTEMPATH\Common.php(1176): CodeIgniter\View\View->render('mahasiswa/edit_mahasiswa', [], true)
 5 APPPATH\Controllers\Home.php(59): view('mahasiswa/edit_mahasiswa', [...])
 6 SYSTEMPATH\CodeIgniter.php(932): App\Controllers\Home->edit('22039090')
 7 SYSTEMPATH\CodeIgniter.php(497): CodeIgniter\CodeIgniter->runController(Object(App\Controllers\Home))
 8 SYSTEMPATH\CodeIgniter.php(366): CodeIgniter\CodeIgniter->handleRequest(null, Object(Config\Cache), false)
 9 FCPATH\index.php(67): CodeIgniter\CodeIgniter->run()
10 SYSTEMPATH\Commands\Server\rewrite.php(47): require_once('C:\\xampp\\htdocs\\ivan-masyudi\\public\\index.php')
CRITICAL - 2023-08-16 06:02:37 --> Attempt to read property "nama_prodi" on array
in APPPATH\Views\mahasiswa\edit_mahasiswa.php on line 38.
 1 APPPATH\Views\mahasiswa\edit_mahasiswa.php(38): CodeIgniter\Debug\Exceptions->errorHandler(2, 'Attempt to read property "nama_prodi" on array', 'C:\\xampp\\htdocs\\ivan-masyudi\\app\\Views\\mahasiswa\\edit_mahasiswa.php', 38)
 2 SYSTEMPATH\View\View.php(224): include('C:\\xampp\\htdocs\\ivan-masyudi\\app\\Views\\mahasiswa\\edit_mahasiswa.php')
 3 SYSTEMPATH\View\View.php(227): CodeIgniter\View\View->CodeIgniter\View\{closure}()
 4 SYSTEMPATH\Common.php(1176): CodeIgniter\View\View->render('mahasiswa/edit_mahasiswa', [], true)
 5 APPPATH\Controllers\Home.php(65): view('mahasiswa/edit_mahasiswa', [...])
 6 SYSTEMPATH\CodeIgniter.php(932): App\Controllers\Home->edit('22039090')
 7 SYSTEMPATH\CodeIgniter.php(497): CodeIgniter\CodeIgniter->runController(Object(App\Controllers\Home))
 8 SYSTEMPATH\CodeIgniter.php(366): CodeIgniter\CodeIgniter->handleRequest(null, Object(Config\Cache), false)
 9 FCPATH\index.php(67): CodeIgniter\CodeIgniter->run()
10 SYSTEMPATH\Commands\Server\rewrite.php(47): require_once('C:\\xampp\\htdocs\\ivan-masyudi\\public\\index.php')
CRITICAL - 2023-08-16 06:17:57 --> Cannot use object of type stdClass as array
in APPPATH\Views\mahasiswa\edit_mahasiswa.php on line 36.
 1 SYSTEMPATH\View\View.php(224): include()
 2 SYSTEMPATH\View\View.php(227): CodeIgniter\View\View->CodeIgniter\View\{closure}()
 3 SYSTEMPATH\Common.php(1176): CodeIgniter\View\View->render('mahasiswa/edit_mahasiswa', [], true)
 4 APPPATH\Controllers\Home.php(65): view('mahasiswa/edit_mahasiswa', [...])
 5 SYSTEMPATH\CodeIgniter.php(932): App\Controllers\Home->edit('22039090')
 6 SYSTEMPATH\CodeIgniter.php(497): CodeIgniter\CodeIgniter->runController(Object(App\Controllers\Home))
 7 SYSTEMPATH\CodeIgniter.php(366): CodeIgniter\CodeIgniter->handleRequest(null, Object(Config\Cache), false)
 8 FCPATH\index.php(67): CodeIgniter\CodeIgniter->run()
 9 SYSTEMPATH\Commands\Server\rewrite.php(47): require_once('C:\\xampp\\htdocs\\ivan-masyudi\\public\\index.php')
INFO - 2023-08-16 06:18:40 --> CSRF token verified.
CRITICAL - 2023-08-16 06:18:40 --> There is no data to update.
in SYSTEMPATH\BaseModel.php on line 1693.
 1 SYSTEMPATH\BaseModel.php(1693): CodeIgniter\Database\Exceptions\DataException::forEmptyDataset('update')
 2 SYSTEMPATH\BaseModel.php(910): CodeIgniter\BaseModel->transformDataToArray(null, 'update')
 3 SYSTEMPATH\Model.php(756): CodeIgniter\BaseModel->update([...], null)
 4 APPPATH\Controllers\Home.php(85): CodeIgniter\Model->update([...])
 5 SYSTEMPATH\CodeIgniter.php(932): App\Controllers\Home->prosesedit()
 6 SYSTEMPATH\CodeIgniter.php(497): CodeIgniter\CodeIgniter->runController(Object(App\Controllers\Home))
 7 SYSTEMPATH\CodeIgniter.php(366): CodeIgniter\CodeIgniter->handleRequest(null, Object(Config\Cache), false)
 8 FCPATH\index.php(67): CodeIgniter\CodeIgniter->run()
 9 SYSTEMPATH\Commands\Server\rewrite.php(47): require_once('C:\\xampp\\htdocs\\ivan-masyudi\\public\\index.php')
INFO - 2023-08-16 06:19:33 --> CSRF token verified.
INFO - 2023-08-16 06:20:21 --> CSRF token verified.
INFO - 2023-08-16 06:20:34 --> CSRF token verified.
CRITICAL - 2023-08-16 06:20:34 --> There is no data to update.
in SYSTEMPATH\BaseModel.php on line 1693.
 1 SYSTEMPATH\BaseModel.php(1693): CodeIgniter\Database\Exceptions\DataException::forEmptyDataset('update')
 2 SYSTEMPATH\BaseModel.php(910): CodeIgniter\BaseModel->transformDataToArray(null, 'update')
 3 SYSTEMPATH\Model.php(756): CodeIgniter\BaseModel->update([...], null)
 4 APPPATH\Controllers\Home.php(87): CodeIgniter\Model->update([...])
 5 SYSTEMPATH\CodeIgniter.php(932): App\Controllers\Home->prosesedit()
 6 SYSTEMPATH\CodeIgniter.php(497): CodeIgniter\CodeIgniter->runController(Object(App\Controllers\Home))
 7 SYSTEMPATH\CodeIgniter.php(366): CodeIgniter\CodeIgniter->handleRequest(null, Object(Config\Cache), false)
 8 FCPATH\index.php(67): CodeIgniter\CodeIgniter->run()
 9 SYSTEMPATH\Commands\Server\rewrite.php(47): require_once('C:\\xampp\\htdocs\\ivan-masyudi\\public\\index.php')
INFO - 2023-08-16 06:22:31 --> CSRF token verified.
INFO - 2023-08-16 06:22:41 --> CSRF token verified.
